commit d944c4e0397623e37625432cfea9e1cd57028877
Author: Hassan Sheikh <hassims95@utexas.edu>
Date:   Wed Jul 6 15:18:42 2016 -0500

    Updated about page

commit 4c55fc70a73b96cd0e76c037d71258a7d9f15836
Merge: e64a44c 84825e3
Author: Hassan Sheikh <hassims95@utexas.edu>
Date:   Tue Jul 5 19:30:51 2016 -0500

    Updated info of group members

commit 84825e3971201ed9511e3c4d5999de2d5bac6bef
Author: Clarkclayton <clarkclayton@utexas.edu>
Date:   Tue Jul 5 19:12:25 2016 -0500

    added my information into the about page

commit e64a44cda2df870836e96d5c2b94d49eea11fdd8
Author: Hassan Sheikh <hassims95@utexas.edu>
Date:   Tue Jul 5 19:12:16 2016 -0500

    Added more background info for one of members

commit 0825d0c1133f025d6b4a67f855e4a083dd3ee47e
Author: Clarkclayton <clarkclayton@utexas.edu>
Date:   Tue Jul 5 19:02:53 2016 -0500

    Clark's photo for the about page

commit 19b492ba51cf61c51139dddc60298295c7a1a4e6
Author: Hassan Sheikh <hassims95@utexas.edu>
Date:   Tue Jul 5 18:53:57 2016 -0500

    Updated and added test cases for each model

commit 420a9128b1aaca0b02aaeb1dee398dd396ba01a8
Author: Clarkclayton <clarkclayton@utexas.edu>
Date:   Tue Jul 5 18:43:25 2016 -0500

    Added yUML file

commit c8a3ca9ef857913b39195643cad96219c430cce6
Author: Clarkclayton <clarkclayton@utexas.edu>
Date:   Tue Jul 5 18:28:17 2016 -0500

    Updated Models.py - might have some errors

commit 7c750dea19c874d437907873d8ad668d0041e68e
Author: Hassan Sheikh <hassims95@utexas.edu>
Date:   Tue Jul 5 17:58:25 2016 -0500

    Updated original tests. Attempting to add more for remaining models

commit 3da0ee6d821030fb47153628975c0f637e85cee2
Author: Jason Dimitriou <ace1294@gmail.com>
Date:   Tue Jul 5 14:44:53 2016 -0500

    Added my info to the about and my picture

commit 5642a5c04494d348ceee550efc698961595ba8ef
Author: koalanis <kalebalanis@gmail.com>
Date:   Tue Jul 5 09:44:54 2016 -0500

    added myself on about page

commit d9fd3c3c1919ede24c09f3a4c5b0527a4bff1366
Author: Hassan Sheikh <hassims95@utexas.edu>
Date:   Mon Jul 4 18:43:08 2016 -0500

    Updated test.py

commit 58187bd5313f9d659d42c6b930022a8c7880b42d
Author: Hassan Sheikh <hassims95@utexas.edu>
Date:   Mon Jul 4 18:38:49 2016 -0500

    Added unit test cases for test harness

commit 368a7fa8ab5fadfbfec5f4c7ff63b29d6f2ab5f7
Author: Hassan Sheikh <hassims95@utexas.edu>
Date:   Mon Jul 4 17:18:30 2016 -0500

    Updated logs for idb site

commit cfdf5fc415426a280e84f24f11f2af2de108c25a
Author: Hassan Sheikh <hassims95@utexas.edu>
Date:   Mon Jul 4 16:41:35 2016 -0500

    updated makefile and tests

commit facc0fc7be141944634f4b3b150c29feb73f6da1
Merge: 25ae38e 769c3be
Author: Hassan Sheikh <hassims95@utexas.edu>
Date:   Mon Jul 4 16:30:54 2016 -0500

    Updated files

commit 25ae38ef0d17ad62d7719050d544821f857abcdc
Author: Hassan Sheikh <hassims95@utexas.edu>
Date:   Mon Jul 4 16:00:34 2016 -0500

    Added .gitignore. .travis.yml, and temporary makefile

commit 769c3be519916983f641b77fce0769f2689c2f2e
Author: Dimitri Vasiliev <sniper@citadel.attlocal.net>
Date:   Mon Jul 4 00:40:28 2016 -0500

    added players and teams pages and logic, added carousel, improved about page

commit 1e89d7246fe8a0427844123fd0ae7d0f56989c1c
Author: Dimitri Vasiliev <sniper@citadel.attlocal.net>
Date:   Sun Jul 3 01:46:57 2016 -0500

    pushing

commit 742ac55d89045bf555760517540b254a19594bdb
Author: Dimitri Vasiliev <sniper@citadel.attlocal.net>
Date:   Sun Jul 3 01:23:38 2016 -0500

    added pictures and app.js

commit 08286fce5bcbe753b8d7d9c2149d9fc1f1c2d3ed
Merge: 52a1bf2 f886398
Author: Dimitri Vasiliev <sniper@citadel.attlocal.net>
Date:   Sun Jul 3 01:05:22 2016 -0500

    Merge branch 'dev' of https://github.com/adle29/cs373-idb into dev

commit 52a1bf296ede86999b061bffc32dd56e011c08b4
Author: Dimitri Vasiliev <sniper@citadel.attlocal.net>
Date:   Sun Jul 3 01:05:10 2016 -0500

    added routes interfaces, included bootstrap, added angular infraestructure

commit f8863981313284c3aad11d9bb2ebfd1f95f23e82
Author: Abraham Adberstein <adle29@users.noreply.github.com>
Date:   Fri Jul 1 15:04:58 2016 -0500

    Delete .gitingore

commit f66cd32907db6b868e9f756c6e6d401bc00e393a
Author: Dimitri Vasiliev <sniper@wireless-10-147-206-127.public.utexas.edu>
Date:   Fri Jul 1 15:04:00 2016 -0500

    added navigation structure to website

commit 7974b70b0c6183fe774d5a1505070ac77bc8676f
Merge: d8a0241 e3bf175
Author: Dimitri Vasiliev <sniper@wireless-10-147-206-127.public.utexas.edu>
Date:   Fri Jul 1 14:52:25 2016 -0500

    Merge branch 'dev' of https://github.com/adle29/cs373-idb into dev

commit d8a02414f6f2947e1280e0ab0a6dcd319d83b978
Author: Dimitri Vasiliev <sniper@wireless-10-147-206-127.public.utexas.edu>
Date:   Fri Jul 1 14:52:12 2016 -0500

    works

commit e3bf17577cb2fbf08e362638ac34f15bf2b04179
Author: koalanis <kalebalanis@gmail.com>
Date:   Thu Jun 30 16:18:09 2016 -0500

    added .gitignore, travis.yml and rough makefile

commit 6499929922771cfe1aad7a360834c4d42ab3b3b0
Author: Dimitri Vasiliev <sniper@wireless-10-146-5-223.public.utexas.edu>
Date:   Thu Jun 30 15:25:31 2016 -0500

    skeleton structure of web app

commit b2789059b6cd244b6d2c565f284eeb267b6d5a96
Author: Dimitri Vasiliev <sniper@wireless-10-148-12-123.public.utexas.edu>
Date:   Mon Jun 27 21:04:26 2016 -0500

    added README file
